<?xml version="1.0" encoding="UTF-8"?>
<!-- Generated by org.testng.reporters.JUnitReportReporter -->
<testsuite hostname="Bharat" failures="0" tests="3" name="testscripts.Test1" time="10.336" errors="0" timestamp="2021-06-22T10:53:37 IST" skipped="0">
  <testcase classname="testscripts.Test1" name="method1" time="2.009"/>
  <system-out/>
  <testcase classname="testscripts.Test1" name="method1" time="1.162"/>
  <system-out/>
  <testcase classname="testscripts.Test1" name="method1" time="7.165"/>
  <system-out/>
</testsuite> <!-- testscripts.Test1 -->
