<?xml version="1.0" encoding="UTF-8"?>
<!-- Generated by org.testng.reporters.JUnitReportReporter -->
<testsuite hostname="Bharat" failures="0" tests="1" name="cucumberOptions.TestRunner" time="25.289" errors="0" timestamp="2021-07-20T10:13:10 IST" skipped="0">
  <testcase classname="cucumberOptions.TestRunner" name="feature" time="25.289"/>
  <system-out/>
</testsuite> <!-- cucumberOptions.TestRunner -->
